<?xml version="1.0" encoding="UTF-8"?>
<!-- Generated by org.testng.reporters.JUnitXMLReporter -->
<testsuite ignored="12" hostname="DESKTOP-3R5TTIF" failures="4" tests="4" name="Test" time="0.06" errors="0" timestamp="2025-09-22T15:28:35 IST">
  <testcase classname="TestNg.NavigateToFlipkart" name="flipkart" time="0.0">
    <failure type="org.testng.TestNGException" message="
Parameter &amp;apos;browser&amp;apos; is required by @Test on method flipkart but has not been marked @Optional or defined
in C:\Users\LENOVO_PUNJAGUTTA\Desktop\SelE4\M8\Selenium_prjt\BatchExe.xml">
      <![CDATA[org.testng.TestNGException: 
Parameter 'browser' is required by @Test on method flipkart but has not been marked @Optional or defined
in C:\Users\LENOVO_PUNJAGUTTA\Desktop\SelE4\M8\Selenium_prjt\BatchExe.xml
at java.base/java.util.ArrayList.forEach(ArrayList.java:1597)
... Removed 26 stack frames]]>
    </failure>
  </testcase> <!-- flipkart -->
  <testcase classname="TestNg.NavigateToSwiggy" name="swiggy" time="0.0">
    <failure type="org.testng.TestNGException" message="
Parameter &amp;apos;browser&amp;apos; is required by @Test on method swiggy but has not been marked @Optional or defined
in C:\Users\LENOVO_PUNJAGUTTA\Desktop\SelE4\M8\Selenium_prjt\BatchExe.xml">
      <![CDATA[org.testng.TestNGException: 
Parameter 'browser' is required by @Test on method swiggy but has not been marked @Optional or defined
in C:\Users\LENOVO_PUNJAGUTTA\Desktop\SelE4\M8\Selenium_prjt\BatchExe.xml
at java.base/java.util.ArrayList.forEach(ArrayList.java:1597)
... Removed 26 stack frames]]>
    </failure>
  </testcase> <!-- swiggy -->
  <testcase classname="TestNg.NavigateToZomato" name="zomato" time="0.0">
    <failure type="org.testng.TestNGException" message="
Parameter &amp;apos;browser&amp;apos; is required by @Test on method zomato but has not been marked @Optional or defined
in C:\Users\LENOVO_PUNJAGUTTA\Desktop\SelE4\M8\Selenium_prjt\BatchExe.xml">
      <![CDATA[org.testng.TestNGException: 
Parameter 'browser' is required by @Test on method zomato but has not been marked @Optional or defined
in C:\Users\LENOVO_PUNJAGUTTA\Desktop\SelE4\M8\Selenium_prjt\BatchExe.xml
at java.base/java.util.ArrayList.forEach(ArrayList.java:1597)
... Removed 26 stack frames]]>
    </failure>
  </testcase> <!-- zomato -->
  <testcase classname="TestNg.NavigateToQspiders" name="qspiders" time="0.0">
    <failure type="org.testng.TestNGException" message="
Parameter &amp;apos;browser&amp;apos; is required by @Test on method qspiders but has not been marked @Optional or defined
in C:\Users\LENOVO_PUNJAGUTTA\Desktop\SelE4\M8\Selenium_prjt\BatchExe.xml">
      <![CDATA[org.testng.TestNGException: 
Parameter 'browser' is required by @Test on method qspiders but has not been marked @Optional or defined
in C:\Users\LENOVO_PUNJAGUTTA\Desktop\SelE4\M8\Selenium_prjt\BatchExe.xml
at java.base/java.util.ArrayList.forEach(ArrayList.java:1597)
... Removed 26 stack frames]]>
    </failure>
  </testcase> <!-- qspiders -->
  <testcase classname="BaseclassUtility.Baseclass" name="@BeforeTest bt" time="0.0">
    <ignored/>
  </testcase> <!-- @BeforeTest bt -->
  <testcase classname="BaseclassUtility.Baseclass" name="@AfterSuite as" time="0.0">
    <ignored/>
  </testcase> <!-- @AfterSuite as -->
  <testcase classname="BaseclassUtility.Baseclass" name="@BeforeSuite bs" time="0.0">
    <ignored/>
  </testcase> <!-- @BeforeSuite bs -->
  <testcase classname="BaseclassUtility.Baseclass" name="@BeforeSuite bs" time="0.0">
    <ignored/>
  </testcase> <!-- @BeforeSuite bs -->
  <testcase classname="BaseclassUtility.Baseclass" name="@BeforeSuite bs" time="0.0">
    <ignored/>
  </testcase> <!-- @BeforeSuite bs -->
  <testcase classname="BaseclassUtility.Baseclass" name="@AfterTest at" time="0.0">
    <ignored/>
  </testcase> <!-- @AfterTest at -->
  <testcase classname="BaseclassUtility.Baseclass" name="@AfterTest at" time="0.0">
    <ignored/>
  </testcase> <!-- @AfterTest at -->
  <testcase classname="BaseclassUtility.Baseclass" name="@BeforeTest bt" time="0.0">
    <ignored/>
  </testcase> <!-- @BeforeTest bt -->
  <testcase classname="BaseclassUtility.Baseclass" name="@BeforeTest bt" time="0.0">
    <ignored/>
  </testcase> <!-- @BeforeTest bt -->
  <testcase classname="BaseclassUtility.Baseclass" name="@AfterSuite as" time="0.0">
    <ignored/>
  </testcase> <!-- @AfterSuite as -->
  <testcase classname="BaseclassUtility.Baseclass" name="@AfterSuite as" time="0.0">
    <ignored/>
  </testcase> <!-- @AfterSuite as -->
  <testcase classname="BaseclassUtility.Baseclass" name="@AfterTest at" time="0.0">
    <ignored/>
  </testcase> <!-- @AfterTest at -->
</testsuite> <!-- Test -->
